<?xml version="1.0" encoding="UTF-8"?>
<!-- Generated by org.testng.reporters.JUnitXMLReporter -->
<testsuite ignored="2" hostname="DESKTOP-5FAAA9M" failures="0" tests="2" name="grup" time="0.093" errors="0" timestamp="2025-07-24T10:40:33 IST">
  <testcase classname="teng.Grps" name="test1" time="0.011"/>
  <testcase classname="teng.Grps" name="test3" time="0.003"/>
  <testcase classname="teng.Grps" name="test4" time="0.0">
    <ignored/>
  </testcase> <!-- test4 -->
  <testcase classname="teng.Grps" name="test2" time="0.0">
    <ignored/>
  </testcase> <!-- test2 -->
</testsuite> <!-- grup -->
