<?xml version="1.0" encoding="UTF-8"?>
<!-- Generated by org.testng.reporters.JUnitXMLReporter -->
<testsuite ignored="0" hostname="DESKTOP-5FAAA9M" failures="0" tests="5" name="Test" time="0.344" errors="0" timestamp="2025-08-07T05:46:59 IST">
  <testcase classname="grpmethod.Grouomethod2" name="checkoutWithSingleItem" time="0.097"/>
  <testcase classname="grpmethod.Grouomethod2" name="checkoutWithoutPaymentMethod" time="0.006"/>
  <testcase classname="grpmethod.GroupMethodTest" name="test1" time="0.008"/>
  <testcase classname="grpmethod.GroupMethodTest" name="test2" time="0.008"/>
  <testcase classname="grpmethod.GroupMethodTest" name="test3" time="0.005"/>
</testsuite> <!-- Test -->
