<?xml version="1.0" encoding="UTF-8"?>
<testng-results ignored="0" total="1" passed="1" failed="0" skipped="0">
  <reporter-output>
  </reporter-output>
  <suite started-at="2025-07-31T05:16:10 IST" name="Default suite" finished-at="2025-07-31T05:16:15 IST" duration-ms="4398">
    <groups>
    </groups>
    <test started-at="2025-07-31T05:16:10 IST" name="Default test" finished-at="2025-07-31T05:16:15 IST" duration-ms="4398">
      <class name="pom1.FacebookLoginTest">
        <test-method is-config="true" signature="setUp()[pri:0, instance:pom1.FacebookLoginTest@710c2b53]" started-at="2025-07-31T05:16:10 IST" name="setUp" finished-at="2025-07-31T05:16:14 IST" duration-ms="4051" status="PASS">
          <reporter-output>
          </reporter-output>
        </test-method> <!-- setUp -->
        <test-method signature="loginTest1()[pri:0, instance:pom1.FacebookLoginTest@710c2b53]" started-at="2025-07-31T05:16:14 IST" name="loginTest1" finished-at="2025-07-31T05:16:15 IST" duration-ms="292" status="PASS">
          <reporter-output>
          </reporter-output>
        </test-method> <!-- loginTest1 -->
      </class> <!-- pom1.FacebookLoginTest -->
    </test> <!-- Default test -->
  </suite> <!-- Default suite -->
</testng-results>
